<?xml version="1.0" encoding="UTF-8"?>
<!-- Generated by org.testng.reporters.JUnitReportReporter -->
<testsuite hostname="DESKTOP-M94BUN9" failures="0" tests="1" name="test1.TestCase3" time="0.001" errors="0" timestamp="2021-06-19T10:31:32 IST" skipped="0">
  <testcase classname="test1.TestCase3" name="CheckOutHomePage" time="0.001"/>
  <system-out/>
</testsuite> <!-- test1.TestCase3 -->
