<?xml version="1.0" encoding="UTF-8"?>
<!-- Generated by org.testng.reporters.JUnitReportReporter -->
<testsuite hostname="DESKTOP-M94BUN9" failures="0" tests="2" name="shopping.AddToCart" time="0.623" errors="0" timestamp="2021-06-20T13:23:02 IST" skipped="0">
  <testcase classname="shopping.AddToCart" name="Login" time="0.414"/>
  <system-out/>
  <testcase classname="shopping.AddToCart" name="AddToCarts" time="0.209"/>
  <system-out/>
</testsuite> <!-- shopping.AddToCart -->
