<?xml version="1.0" encoding="UTF-8"?>
<!-- Generated by org.testng.reporters.JUnitReportReporter -->
<testsuite hostname="DESKTOP-M94BUN9" failures="0" tests="3" name="test.TestCase1" time="0.035" errors="0" timestamp="2021-06-19T21:06:50 IST" skipped="0">
  <testcase classname="test.TestCase1" name="SignUpTest" time="0.003"/>
  <system-out/>
  <testcase classname="test.TestCase1" name="LoginTest" time="0.022"/>
  <system-out/>
  <testcase classname="test.TestCase1" name="Random" time="0.010"/>
  <system-out/>
</testsuite> <!-- test.TestCase1 -->
