<?xml version="1.0" encoding="UTF-8"?>
<!-- Generated by org.testng.reporters.JUnitReportReporter -->
<testsuite hostname="DESKTOP-M94BUN9" failures="0" tests="3" name="test.TestCase2" time="0.012" errors="0" timestamp="2021-06-19T11:49:10 IST" skipped="0">
  <testcase classname="test.TestCase2" name="HomePage" time="0.008"/>
  <system-out/>
  <testcase classname="test.TestCase2" name="HomePage1" time="0.002"/>
  <system-out/>
  <testcase classname="test.TestCase2" name="HomePage2" time="0.002"/>
  <system-out/>
</testsuite> <!-- test.TestCase2 -->
