<?xml version="1.0" encoding="UTF-8"?>
<!-- Generated by org.testng.reporters.JUnitReportReporter -->
<testsuite hostname="DESKTOP-M94BUN9" failures="0" tests="1" name="test.LoginTest" time="24.212" errors="0" timestamp="2021-06-20T11:39:33 IST" skipped="0">
  <testcase classname="test.LoginTest" name="Login" time="24.212"/>
  <system-out/>
</testsuite> <!-- test.LoginTest -->
