<?xml version="1.0" encoding="UTF-8"?>
<!-- Generated by org.testng.reporters.JUnitReportReporter -->
<testsuite hostname="DESKTOP-M94BUN9" failures="0" tests="2" name="test.LoginTest2" time="14.378" errors="0" timestamp="2021-06-26T11:47:23 IST" skipped="1">
  <testcase classname="test.LoginTest2" name="LoginTestcase2" time="14.378"/>
  <system-out/>
  <testcase classname="test.LoginTest2" name="LoginTestcase">
    <skipped/>
  </testcase> <!-- LoginTestcase -->
  <system-out/>
</testsuite> <!-- test.LoginTest2 -->
