<?xml version="1.0" encoding="UTF-8"?>
<!-- Generated by org.testng.reporters.JUnitReportReporter -->
<testsuite hostname="DESKTOP-M94BUN9" failures="0" tests="3" name="test.ProductSectionTest" time="0.904" errors="0" timestamp="2021-07-03T20:18:49 IST" skipped="0">
  <testcase classname="test.ProductSectionTest" name="Login" time="0.553"/>
  <system-out/>
  <testcase classname="test.ProductSectionTest" name="ProductSelction" time="0.156"/>
  <system-out/>
  <testcase classname="test.ProductSectionTest" name="Cart" time="0.195"/>
  <system-out/>
</testsuite> <!-- test.ProductSectionTest -->
